<?xml version="1.0" encoding="UTF-8"?>
<testng-results skipped="0" failed="0" ignored="0" total="1" passed="1">
  <reporter-output>
  </reporter-output>
  <suite name="Suite1" duration-ms="13070" started-at="2020-11-09T07:46:18Z" finished-at="2020-11-09T07:46:31Z">
    <groups>
      <group name="cucumber">
        <method signature="AbstractTestNGCucumberTests.feature(cucumber.api.testng.CucumberFeatureWrapper)[pri:0, instance:amazon.us.myrunner.Myrunner@408d971b]" name="feature" class="cucumber.api.testng.AbstractTestNGCucumberTests"/>
      </group> <!-- cucumber -->
    </groups>
    <test name="Nopackage" duration-ms="13070" started-at="2020-11-09T07:46:18Z" finished-at="2020-11-09T07:46:31Z">
      <class name="amazon.us.myrunner.Myrunner">
        <test-method status="PASS" signature="setUpClass()[pri:0, instance:amazon.us.myrunner.Myrunner@408d971b]" name="setUpClass" is-config="true" duration-ms="263" started-at="2020-11-09T07:46:18Z" finished-at="2020-11-09T07:46:18Z">
          <reporter-output>
          </reporter-output>
        </test-method> <!-- setUpClass -->
        <test-method status="PASS" signature="feature(cucumber.api.testng.CucumberFeatureWrapper)[pri:0, instance:amazon.us.myrunner.Myrunner@408d971b]" name="feature" duration-ms="12689" started-at="2020-11-09T07:46:18Z" description="Runs Cucumber Feature" data-provider="features" finished-at="2020-11-09T07:46:31Z">
          <params>
            <param index="0">
              <value>
                <![CDATA[Amazon Customer can buy and sell things]]>
              </value>
            </param>
          </params>
          <reporter-output>
          </reporter-output>
        </test-method> <!-- feature -->
        <test-method status="PASS" signature="tearDownClass()[pri:0, instance:amazon.us.myrunner.Myrunner@408d971b]" name="tearDownClass" is-config="true" duration-ms="16" started-at="2020-11-09T07:46:31Z" finished-at="2020-11-09T07:46:31Z">
          <reporter-output>
          </reporter-output>
        </test-method> <!-- tearDownClass -->
      </class> <!-- amazon.us.myrunner.Myrunner -->
    </test> <!-- Nopackage -->
  </suite> <!-- Suite1 -->
</testng-results>
