<?xml version="1.0" encoding="UTF-8"?>
<!-- Generated by org.testng.reporters.JUnitXMLReporter -->
<testsuite hostname="LAPTOP-A80TIGBD" ignored="0" name="Default test" tests="1" failures="1" timestamp="29 Nov 2020 05:19:52 GMT" time="0.037" errors="0">
  <testcase name="PassingDataFromExcel" time="0.01" classname="amazon.usa.runner.LoginWithExcel">
    <failure type="java.lang.Error" message="Unresolved compilation problems: 
	The method readExcelData(int) is undefined for the type LoginWithExcel
	Syntax error on token &amp;quot;readExcelData&amp;quot;, AnnotationName expected after this token
	Illegal modifier for parameter readExcelData; only final is permitted
	Syntax error, insert &amp;quot;)&amp;quot; to complete NormalAnnotation
	Syntax error, insert &amp;quot;[ ]&amp;quot; to complete Dimension
	Syntax error, insert &amp;quot;;&amp;quot; to complete LocalVariableDeclarationStatement
">
      <![CDATA[java.lang.Error: Unresolved compilation problems: 
The method readExcelData(int) is undefined for the type LoginWithExcel
Syntax error on token "readExcelData", AnnotationName expected after this token
Illegal modifier for parameter readExcelData; only final is permitted
Syntax error, insert ")" to complete NormalAnnotation
Syntax error, insert "[ ]" to complete Dimension
Syntax error, insert ";" to complete LocalVariableDeclarationStatement

at amazon.usa.runner.LoginWithExcel.PassingDataFromExcel(LoginWithExcel.java:31)
at sun.reflect.NativeMethodAccessorImpl.invoke0(Native Method)
at sun.reflect.NativeMethodAccessorImpl.invoke(NativeMethodAccessorImpl.java:62)
at sun.reflect.DelegatingMethodAccessorImpl.invoke(DelegatingMethodAccessorImpl.java:43)
at java.lang.reflect.Method.invoke(Method.java:498)
at org.testng.internal.MethodInvocationHelper.invokeMethod(MethodInvocationHelper.java:124)
at org.testng.internal.Invoker.invokeMethod(Invoker.java:583)
at org.testng.internal.Invoker.invokeTestMethod(Invoker.java:719)
at org.testng.internal.Invoker.invokeTestMethods(Invoker.java:989)
at org.testng.internal.TestMethodWorker.invokeTestMethods(TestMethodWorker.java:125)
at org.testng.internal.TestMethodWorker.run(TestMethodWorker.java:109)
at org.testng.TestRunner.privateRun(TestRunner.java:648)
at org.testng.TestRunner.run(TestRunner.java:505)
at org.testng.SuiteRunner.runTest(SuiteRunner.java:455)
at org.testng.SuiteRunner.runSequentially(SuiteRunner.java:450)
at org.testng.SuiteRunner.privateRun(SuiteRunner.java:415)
at org.testng.SuiteRunner.run(SuiteRunner.java:364)
at org.testng.SuiteRunnerWorker.runSuite(SuiteRunnerWorker.java:52)
at org.testng.SuiteRunnerWorker.run(SuiteRunnerWorker.java:84)
at org.testng.TestNG.runSuitesSequentially(TestNG.java:1208)
at org.testng.TestNG.runSuitesLocally(TestNG.java:1137)
at org.testng.TestNG.runSuites(TestNG.java:1049)
at org.testng.TestNG.run(TestNG.java:1017)
at org.testng.remote.AbstractRemoteTestNG.run(AbstractRemoteTestNG.java:115)
at org.testng.remote.RemoteTestNG.initAndRun(RemoteTestNG.java:251)
at org.testng.remote.RemoteTestNG.main(RemoteTestNG.java:77)
]]>
    </failure>
  </testcase> <!-- PassingDataFromExcel -->
</testsuite> <!-- Default test -->
