<?xml version="1.0" encoding="UTF-8"?>
<!-- Generated by org.testng.reporters.JUnitXMLReporter -->
<testsuite hostname="LAPTOP-A80TIGBD" ignored="0" name="Edge Browser" tests="1" failures="0" timestamp="29 Nov 2020 05:21:44 GMT" time="0.015" errors="0">
  <testcase name="@BeforeTest browserSetup" time="0.008" classname="com.usa.testNg.CrossBrowsingTesting">
    <failure type="java.lang.IllegalStateException" message="The driver executable does not exist: C:\Users\deynirmal\eclipse-workspace\Amazon_Finditems\.\Driver\MicrosoftWebDriver.exe">
      <![CDATA[java.lang.IllegalStateException: The driver executable does not exist: C:\Users\deynirmal\eclipse-workspace\Amazon_Finditems\.\Driver\MicrosoftWebDriver.exe
at com.google.common.base.Preconditions.checkState(Preconditions.java:585)
at org.openqa.selenium.remote.service.DriverService.checkExecutable(DriverService.java:136)
at org.openqa.selenium.remote.service.DriverService.findExecutable(DriverService.java:131)
at org.openqa.selenium.edge.EdgeDriverService.access$000(EdgeDriverService.java:34)
at org.openqa.selenium.edge.EdgeDriverService$Builder.findDefaultExecutable(EdgeDriverService.java:75)
at org.openqa.selenium.remote.service.DriverService$Builder.build(DriverService.java:339)
at org.openqa.selenium.edge.EdgeDriverService.createDefaultService(EdgeDriverService.java:67)
at org.openqa.selenium.edge.EdgeDriver.<init>(EdgeDriver.java:96)
at com.usa.testNg.CrossBrowsingTesting.browserSetup(CrossBrowsingTesting.java:33)
... Removed 24 stack frames]]>
    </failure>
  </testcase> <!-- @BeforeTest browserSetup -->
  <testcase name="browserTesting" time="0.0" classname="com.usa.testNg.CrossBrowsingTesting">
    <skipped/>
  </testcase> <!-- browserTesting -->
</testsuite> <!-- Edge Browser -->
