<?xml version="1.0" encoding="UTF-8"?>
<!-- Generated by org.testng.reporters.JUnitXMLReporter -->
<testsuite hostname="LAPTOP-A80TIGBD" ignored="0" name="Nopackage" tests="1" failures="1" timestamp="06 Dec 2020 01:12:31 GMT" time="29.967" errors="0">
  <testcase name="feature" time="29.639" classname="cucumber.api.testng.AbstractTestNGCucumberTests">
    <failure type="cucumber.runtime.CucumberException" message="java.lang.NullPointerException">
      <![CDATA[cucumber.runtime.CucumberException: java.lang.NullPointerException
at cucumber.api.testng.TestNGCucumberRunner.runCucumber(TestNGCucumberRunner.java:69)
at cucumber.api.testng.AbstractTestNGCucumberTests.feature(AbstractTestNGCucumberTests.java:21)
Caused by: java.lang.NullPointerException
at zoopla.uk.stepdefination.OutLineTestStep.as_a_user_i_can_enter_as_and_password(OutLineTestStep.java:30)
at ✽.When As a user i can enter as "admin@yourstore.com" and password "admin"(ScenarioOutlneTest.feature:7)
... Removed 29 stack frames]]>
    </failure>
  </testcase> <!-- feature -->
</testsuite> <!-- Nopackage -->
