<?xml version="1.0" encoding="UTF-8"?>
<testng-results skipped="0" failed="0" ignored="0" total="1" passed="1">
  <reporter-output>
  </reporter-output>
  <suite name="Suite1" duration-ms="12251" started-at="2020-11-09T07:38:30Z" finished-at="2020-11-09T07:38:43Z">
    <groups>
      <group name="cucumber">
        <method signature="AbstractTestNGCucumberTests.feature(cucumber.api.testng.CucumberFeatureWrapper)[pri:0, instance:zoopla.uk.myrunner.MyRunner@44c03695]" name="feature" class="cucumber.api.testng.AbstractTestNGCucumberTests"/>
      </group> <!-- cucumber -->
    </groups>
    <test name="Nopackage" duration-ms="12251" started-at="2020-11-09T07:38:30Z" finished-at="2020-11-09T07:38:43Z">
      <class name="zoopla.uk.myrunner.MyRunner">
        <test-method status="PASS" signature="setUpClass()[pri:0, instance:zoopla.uk.myrunner.MyRunner@44c03695]" name="setUpClass" is-config="true" duration-ms="260" started-at="2020-11-09T07:38:30Z" finished-at="2020-11-09T07:38:31Z">
          <reporter-output>
          </reporter-output>
        </test-method> <!-- setUpClass -->
        <test-method status="PASS" signature="feature(cucumber.api.testng.CucumberFeatureWrapper)[pri:0, instance:zoopla.uk.myrunner.MyRunner@44c03695]" name="feature" duration-ms="11852" started-at="2020-11-09T07:38:31Z" description="Runs Cucumber Feature" data-provider="features" finished-at="2020-11-09T07:38:43Z">
          <params>
            <param index="0">
              <value>
                <![CDATA[Zoopla users can buy the property and sell the property]]>
              </value>
            </param>
          </params>
          <reporter-output>
          </reporter-output>
        </test-method> <!-- feature -->
        <test-method status="PASS" signature="tearDownClass()[pri:0, instance:zoopla.uk.myrunner.MyRunner@44c03695]" name="tearDownClass" is-config="true" duration-ms="25" started-at="2020-11-09T07:38:43Z" finished-at="2020-11-09T07:38:43Z">
          <reporter-output>
          </reporter-output>
        </test-method> <!-- tearDownClass -->
      </class> <!-- zoopla.uk.myrunner.MyRunner -->
    </test> <!-- Nopackage -->
  </suite> <!-- Suite1 -->
</testng-results>
