<?xml version="1.0" encoding="UTF-8"?>
<!-- Generated by org.testng.reporters.JUnitXMLReporter -->
<testsuite hostname="LAPTOP-A80TIGBD" ignored="0" name="Default test" tests="4" failures="0" timestamp="10 Nov 2020 04:38:52 GMT" time="0.076" errors="0">
  <testcase name="getName" time="0.006" classname="zoopla.uk.stepdefination.TestNgClass_Demo"/>
  <testcase name="getSpouse" time="0.001" classname="zoopla.uk.stepdefination.TestNgClass_Demo"/>
  <testcase name="getChild" time="0.001" classname="zoopla.uk.stepdefination.TestNgClass_Demo"/>
  <testcase name="getChild2" time="0.002" classname="zoopla.uk.stepdefination.TestNgClass_Demo"/>
</testsuite> <!-- Default test -->
